2019-06-20 17:39:27,709 [1] INFO  WebAppApi.WebApiApplication.Application_Start (null) - 
应用程序开始
2019-06-20 17:39:42,050 [10] INFO  Lumos.Web.Http.MonitorLog+<LogAsync>d__2.MoveNext 28e13807-eb85-4549-b5b8-cf133998b639 - 
Url: /Api/Test/Test
Method: GET
ContentType: 
Header.CurrentUserId: 

2019-06-20 17:39:42,122 [14] INFO  Lumos.Web.Http.MonitorLog+<LogAsync>d__2.MoveNext 28e13807-eb85-4549-b5b8-cf133998b639 - 
Url: /Api/Test/Test
Method: GET
ContentType: 
Header.CurrentUserId: 
Response: {"result": 1,"code": "1000","message":""}

2019-06-20 17:44:08,234 [1] INFO  WebAppApi.WebApiApplication.Application_Start (null) - 
应用程序开始
2019-06-20 17:44:09,301 [15] INFO  Lumos.Web.Http.MonitorLog+<LogAsync>d__2.MoveNext e0af2c38-69fd-4291-a773-311de227e5b2 - 
Url: /Api/Test/Test
IP: ::1
Method: GET
ContentType: 
Header.CurrentUserId: 

2019-06-20 17:44:09,373 [12] INFO  Lumos.Web.Http.MonitorLog+<LogAsync>d__2.MoveNext e0af2c38-69fd-4291-a773-311de227e5b2 - 
Url: /Api/Test/Test
IP: ::1
Method: GET
ContentType: 
Header.CurrentUserId: 
Response: {"result": 1,"code": "1000","message":""}

2019-06-20 17:45:04,730 [16] INFO  Lumos.Web.Http.MonitorLog+<LogAsync>d__2.MoveNext 3ce4b8cd-e8d1-443a-8a5a-84ee5ae0a011 - 
Url: /Api/Test/Test
IP: ::1
Method: GET
ContentType: 
Header.CurrentUserId: 

2019-06-20 17:45:04,733 [15] INFO  Lumos.Web.Http.MonitorLog+<LogAsync>d__2.MoveNext 3ce4b8cd-e8d1-443a-8a5a-84ee5ae0a011 - 
Url: /Api/Test/Test
IP: ::1
Method: GET
ContentType: 
Header.CurrentUserId: 
Response: {"result": 1,"code": "1000","message":""}

2019-06-20 17:47:17,517 [33] INFO  WebAppApi.WebApiApplication.Application_Start (null) - 
应用程序开始
2019-06-20 17:47:18,492 [6] INFO  Lumos.Web.Http.MonitorLog+<LogAsync>d__2.MoveNext abd4103b-c728-429a-86de-561fd95cdf03 - 
Url: /Api/Test/Test
IP: ::1
Method: GET
ContentType: 
Header.CurrentUserId: 
Header.RequestGuid: 

2019-06-20 17:47:18,557 [16] INFO  Lumos.Web.Http.MonitorLog+<LogAsync>d__2.MoveNext abd4103b-c728-429a-86de-561fd95cdf03 - 
Url: /Api/Test/Test
IP: ::1
Method: GET
ContentType: 
Header.CurrentUserId: 
Header.RequestGuid: 
Response: {"result": 1,"code": "1000","message":""}

2019-06-20 17:47:25,664 [15] INFO  Lumos.Web.Http.MonitorLog+<LogAsync>d__2.MoveNext a2cbc86a-542c-4319-80ac-8026f4935375 - 
Url: /Api/Test/Test
IP: ::1
Method: GET
ContentType: 
Header.CurrentUserId: 
Header.RequestGuid: 

2019-06-20 17:47:25,667 [12] INFO  Lumos.Web.Http.MonitorLog+<LogAsync>d__2.MoveNext a2cbc86a-542c-4319-80ac-8026f4935375 - 
Url: /Api/Test/Test
IP: ::1
Method: GET
ContentType: 
Header.CurrentUserId: 
Header.RequestGuid: 
Response: {"result": 1,"code": "1000","message":""}

2019-06-20 17:48:05,152 [1] INFO  WebAppApi.WebApiApplication.Application_Start (null) - 
应用程序开始
2019-06-20 17:48:42,244 [6] INFO  Lumos.Web.Http.MonitorLog+<LogAsync>d__2.MoveNext 810ec475-8f9e-49b1-a581-872667d74583 - 
Url: /Api/Test/Test
IP: ::1
Method: GET
ContentType: 
Header.CurrentUserId: 
Header.RequestGuid: 

2019-06-20 17:49:52,377 [1] INFO  WebAppApi.WebApiApplication.Application_Start (null) - 
应用程序开始
2019-06-20 17:49:59,017 [7] INFO  Lumos.Web.Http.MonitorLog+<LogAsync>d__2.MoveNext 2dfa05b6-8229-459d-b5d9-260cb2324a4b - 
Url: /Api/Test/Test
IP: ::1
Method: GET
ContentType: 
Header.CurrentUserId: 
Header.RequestGuid: 

2019-06-20 17:50:49,672 [8] INFO  Lumos.Web.Http.MonitorLog+<LogAsync>d__2.MoveNext 2dfa05b6-8229-459d-b5d9-260cb2324a4b - 
Url: /Api/Test/Test
IP: ::1
Method: GET
ContentType: 
Header.CurrentUserId: 
Header.RequestGuid: 
Response: {"result": 1,"code": "1000","message":""}

2019-06-20 17:54:40,206 [1] INFO  WebAppApi.WebApiApplication.Application_Start (null) - 
应用程序开始
2019-06-20 17:54:46,989 [9] INFO  Lumos.Web.Http.MonitorLog+<LogAsync>d__2.MoveNext 4d2cd7f8-b3bf-4a4e-86cf-b01a376f70ba - 
Url: /Api/Test/Test
IP: ::1
Method: GET
ContentType: 
Header.CurrentUserId: 
Header.RequestGuid: 

2019-06-20 17:54:47,060 [7] INFO  Lumos.Web.Http.MonitorLog+<LogAsync>d__2.MoveNext 4d2cd7f8-b3bf-4a4e-86cf-b01a376f70ba - 
Url: /Api/Test/Test
IP: ::1
Method: GET
ContentType: 
Header.CurrentUserId: 
Header.RequestGuid: 
Response: {"result": 1,"code": "1000","message":""}

2019-06-20 17:55:06,803 [1] INFO  WebAppApi.WebApiApplication.Application_Start (null) - 
应用程序开始
2019-06-20 17:55:23,368 [6] INFO  Lumos.Web.Http.MonitorLog+<LogAsync>d__2.MoveNext ed13e664-24f4-4d51-91c8-ef4e740019d6 - 
Url: /Api/Test/Test
IP: ::1
Method: GET
ContentType: 
Header.CurrentUserId: 
Header.RequestGuid: 

2019-06-20 17:55:35,169 [7] INFO  Lumos.Web.Http.MonitorLog+<LogAsync>d__2.MoveNext ed13e664-24f4-4d51-91c8-ef4e740019d6 - 
Url: /Api/Test/Test
IP: ::1
Method: GET
ContentType: 
Header.CurrentUserId: 
Header.RequestGuid: 
Response: {"result": 1,"code": "1000","message":""}

2019-06-20 17:55:47,411 [6] INFO  Lumos.Web.Http.MonitorLog+<LogAsync>d__2.MoveNext 9ec94682-f7ba-453d-b880-2c81283e9c09 - 
Url: /Api/Test/Test
IP: ::1
Method: GET
ContentType: 
Header.CurrentUserId: 
Header.RequestGuid: 

2019-06-20 17:55:51,408 [6] INFO  Lumos.Web.Http.MonitorLog+<LogAsync>d__2.MoveNext 9ec94682-f7ba-453d-b880-2c81283e9c09 - 
Url: /Api/Test/Test
IP: ::1
Method: GET
ContentType: 
Header.CurrentUserId: 
Header.RequestGuid: 
Response: {"result": 1,"code": "1000","message":""}

2019-06-20 17:58:56,500 [1] INFO  WebAppApi.WebApiApplication.Application_Start (null) - 
应用程序开始
2019-06-20 17:59:57,259 [1] INFO  WebAppApi.WebApiApplication.Application_Start (null) - 
应用程序开始
2019-06-20 18:01:51,127 [1] INFO  WebAppApi.WebApiApplication.Application_Start (null) - 
应用程序开始
2019-06-20 18:02:03,088 [10] INFO  Lumos.Web.Http.MonitorLog+<LogAsync>d__2.MoveNext 515a5253-f5c7-4e50-8582-e50e2090d8ac - 
Url: /Api/Test/Test
IP: ::1
Method: GET
ContentType: 
Header.CurrentUserId: System.String[]
Header.RequestGuid: System.String[]

2019-06-20 18:02:03,159 [7] INFO  Lumos.Web.Http.MonitorLog+<LogAsync>d__2.MoveNext 515a5253-f5c7-4e50-8582-e50e2090d8ac - 
Url: /Api/Test/Test
IP: ::1
Method: GET
ContentType: 
Header.CurrentUserId: System.String[]
Header.RequestGuid: System.String[]
Response: {"result": 1,"code": "1000","message":""}

2019-06-20 18:02:40,981 [1] INFO  WebAppApi.WebApiApplication.Application_Start (null) - 
应用程序开始
2019-06-20 18:03:33,939 [1] INFO  WebAppApi.WebApiApplication.Application_Start (null) - 
应用程序开始
2019-06-20 18:06:14,501 [1] INFO  WebAppApi.WebApiApplication.Application_Start (null) - 
应用程序开始
2019-06-20 18:08:11,788 [1] INFO  WebAppApi.WebApiApplication.Application_Start (null) - 
应用程序开始
2019-06-20 18:09:55,694 [1] INFO  WebAppApi.WebApiApplication.Application_Start (null) - 
应用程序开始
2019-06-20 18:10:00,991 [11] INFO  Lumos.Web.Http.MonitorLog+<LogAsync>d__2.MoveNext 0b5122c9-eb5f-4c30-9547-76ea612252e8 - 
Url: /Api/Test/Test
IP: ::1
Method: GET
ContentType: 
Header.CurrentUserId: cc871b2c85a84165ab7e2c532d29f7d9
Header.RequestGuid: 6ae22b47be7c49d2adeca33daba77ea1

2019-06-20 18:10:01,061 [6] INFO  Lumos.Web.Http.MonitorLog+<LogAsync>d__2.MoveNext 0b5122c9-eb5f-4c30-9547-76ea612252e8 - 
Url: /Api/Test/Test
IP: ::1
Method: GET
ContentType: 
Header.CurrentUserId: cc871b2c85a84165ab7e2c532d29f7d9
Header.RequestGuid: 6ae22b47be7c49d2adeca33daba77ea1
Response: {"result": 1,"code": "1000","message":""}

2019-06-20 18:11:07,933 [1] INFO  WebAppApi.WebApiApplication.Application_Start (null) - 
应用程序开始
2019-06-20 18:11:08,877 [6] INFO  Lumos.Web.Http.MonitorLog+<LogAsync>d__2.MoveNext b86acff3-8ff3-4e5d-8ad7-c95616ec36b8 - 
Url: /Api/Test/Test
IP: ::1
Method: GET
ContentType: 
Header.CurrentUserId: 
Header.RequestGuid: 95fe25e6ea3a4176b5481ba37d9c87d6

2019-06-20 18:11:08,943 [7] INFO  Lumos.Web.Http.MonitorLog+<LogAsync>d__2.MoveNext b86acff3-8ff3-4e5d-8ad7-c95616ec36b8 - 
Url: /Api/Test/Test
IP: ::1
Method: GET
ContentType: 
Header.CurrentUserId: 
Header.RequestGuid: 95fe25e6ea3a4176b5481ba37d9c87d6
Response: {"result": 1,"code": "1000","message":""}

2019-06-24 10:10:40,969 [1] INFO  WebApiInsApp.WebApiApplication.Application_Start (null) - 
应用程序开始
2019-06-24 10:10:42,542 [10] ERROR WebApiInsApp.WebApiApplication.Application_Error (null) - 应用程序捕捉到异常
System.InvalidOperationException: Multiple types were found that match the controller named 'Home'. This can happen if the route that services this request ('{controller}/{action}/{id}') does not specify namespaces to search for a controller that matches the request. If this is the case, register this route by calling an overload of the 'MapRoute' method that takes a 'namespaces' parameter.

The request for 'Home' has found the following matching controllers:
WebApiInsApp.Controllers.HomeController
WebAppApi.Controllers.HomeController
   在 System.Web.Mvc.DefaultControllerFactory.GetControllerTypeWithinNamespaces(RouteBase route, String controllerName, HashSet`1 namespaces)
   在 System.Web.Mvc.DefaultControllerFactory.GetControllerType(RequestContext requestContext, String controllerName)
   在 System.Web.Mvc.DefaultControllerFactory.System.Web.Mvc.IControllerFactory.GetControllerSessionBehavior(RequestContext requestContext, String controllerName)
   在 System.Web.Mvc.MvcRouteHandler.GetSessionStateBehavior(RequestContext requestContext)
   在 System.Web.Mvc.MvcRouteHandler.GetHttpHandler(RequestContext requestContext)
   在 System.Web.Mvc.MvcRouteHandler.System.Web.Routing.IRouteHandler.GetHttpHandler(RequestContext requestContext)
   在 System.Web.Routing.UrlRoutingModule.PostResolveRequestCache(HttpContextBase context)
   在 System.Web.Routing.UrlRoutingModule.OnApplicationPostResolveRequestCache(Object sender, EventArgs e)
   在 System.Web.HttpApplication.SyncEventExecutionStep.System.Web.HttpApplication.IExecutionStep.Execute()
   在 System.Web.HttpApplication.ExecuteStepImpl(IExecutionStep step)
   在 System.Web.HttpApplication.ExecuteStep(IExecutionStep step, Boolean& completedSynchronously)
2019-06-24 10:12:25,868 [1] INFO  WebApiInsApp.WebApiApplication.Application_Start (null) - 
应用程序开始
2019-06-24 10:13:02,224 [7] INFO  Lumos.Web.Http.MonitorLog+<LogAsync>d__2.MoveNext fd8db242-3f1a-4ef7-95ba-9e658141a630 - 
Url: /Api/InsCar/GetIndexPageData
IP: ::1
Method: GET
ContentType: 
Header.CurrentUserId: 
Header.RequestGuid: 09638cb68b944f1cb4ac2ab57614e014

2019-06-24 10:13:02,382 [9] INFO  Lumos.Web.Http.MonitorLog+<LogAsync>d__2.MoveNext fd8db242-3f1a-4ef7-95ba-9e658141a630 - 
Url: /Api/InsCar/GetIndexPageData
IP: ::1
Method: GET
ContentType: 
Header.CurrentUserId: 
Header.RequestGuid: 09638cb68b944f1cb4ac2ab57614e014
Response: {"result": 1,"data":{"rules":[],"orders":[],"searchRecords":null},"code": "1000","message":""}

2019-06-24 10:14:21,365 [21] INFO  WebApiInsApp.WebApiApplication.Application_Start (null) - 
应用程序开始
2019-06-24 10:14:21,956 [15] INFO  Lumos.Web.Http.MonitorLog+<LogAsync>d__2.MoveNext a7194789-37ab-4a5d-a759-9499a6c8cd66 - 
Url: /Api/InsCar/GetIndexPageData
IP: ::1
Method: GET
ContentType: 
Header.CurrentUserId: 
Header.RequestGuid: d07d161bfb3c41a3bacb8499a0f588e5

2019-06-24 10:14:22,075 [18] INFO  Lumos.Web.Http.MonitorLog+<LogAsync>d__2.MoveNext a7194789-37ab-4a5d-a759-9499a6c8cd66 - 
Url: /Api/InsCar/GetIndexPageData
IP: ::1
Method: GET
ContentType: 
Header.CurrentUserId: 
Header.RequestGuid: d07d161bfb3c41a3bacb8499a0f588e5
Response: {"result": 1,"data":{"rules":[],"orders":[],"searchRecords":[]},"code": "1000","message":""}

2019-06-24 11:15:35,587 [1] INFO  WebApiInsApp.WebApiApplication.Application_Start (null) - 
应用程序开始
2019-06-24 11:15:46,598 [6] INFO  Lumos.Web.Http.MonitorLog+<LogAsync>d__2.MoveNext f4f4df1e-9ba9-491a-8be1-2cc340068259 - 
Url: /Api/InsCar/GetIndexPageData
IP: ::1
Method: GET
ContentType: 
Header.CurrentUserId: 
Header.RequestGuid: 4d504ad275ed412086ee2d6be99e7129

2019-06-24 11:15:59,743 [7] INFO  Lumos.Web.Http.MonitorLog+<LogAsync>d__2.MoveNext f4f4df1e-9ba9-491a-8be1-2cc340068259 - 
Url: /Api/InsCar/GetIndexPageData
IP: ::1
Method: GET
ContentType: 
Header.CurrentUserId: 
Header.RequestGuid: 4d504ad275ed412086ee2d6be99e7129
Response: {"result": 1,"data":{"rules":[],"orders":[],"searchRecords":[]},"code": "1000","message":""}

2019-06-24 14:24:30,449 [1] INFO  WebApiInsApp.WebApiApplication.Application_Start (null) - 
应用程序开始
2019-06-24 14:24:46,149 [7] INFO  Lumos.Web.Http.MonitorLog+<LogAsync>d__2.MoveNext 03ba34c0-7780-48f8-8bfe-0acd8ee943eb - 
Url: /Api/InsCar/GetIndexPageData
IP: ::1
Method: GET
ContentType: 
Header.CurrentUserId: 
Header.RequestGuid: ce702b68fe0e458fb3d1b42cc24edeb7

2019-06-24 14:24:57,934 [6] INFO  Lumos.Web.Http.MonitorLog+<LogAsync>d__2.MoveNext 03ba34c0-7780-48f8-8bfe-0acd8ee943eb - 
Url: /Api/InsCar/GetIndexPageData
IP: ::1
Method: GET
ContentType: 
Header.CurrentUserId: 
Header.RequestGuid: ce702b68fe0e458fb3d1b42cc24edeb7
Response: {"result": 1,"data":{"rules":[],"orders":[],"searchRecords":[{"carPlateNo":"粤AT810P"},{"carPlateNo":"粤A8K96A"},{"carPlateNo":"粤ECK520"}]},"code": "1000","message":""}

2019-06-24 14:36:40,394 [1] INFO  WebApiInsApp.WebApiApplication.Application_Start (null) - 
应用程序开始
2019-06-24 14:36:47,942 [9] INFO  Lumos.Web.Http.MonitorLog+<LogAsync>d__2.MoveNext 9769c28b-cbf0-4ebc-aa49-1d6d6656e5d0 - 
Url: /Api/InsCar/GetIndexPageData
IP: ::1
Method: GET
ContentType: 
Header.CurrentUserId: 
Header.RequestGuid: 227d1ec0a9884d43ade9243ab236bce4

2019-06-24 14:36:48,760 [6] INFO  Lumos.Web.Http.MonitorLog+<LogAsync>d__2.MoveNext 9769c28b-cbf0-4ebc-aa49-1d6d6656e5d0 - 
Url: /Api/InsCar/GetIndexPageData
IP: ::1
Method: GET
ContentType: 
Header.CurrentUserId: 
Header.RequestGuid: 227d1ec0a9884d43ade9243ab236bce4
Response: {"result": 1,"data":{"rules":[],"orders":[],"searchRecords":[{"carPlateNo":"粤AT810P"},{"carPlateNo":"粤A8K96A"},{"carPlateNo":"粤ECK520"}]},"code": "1000","message":""}

2019-06-24 15:00:19,133 [1] INFO  WebApiInsApp.WebApiApplication.Application_Start (null) - 
应用程序开始
2019-06-24 15:00:19,846 [52] INFO  Lumos.Web.Http.MonitorLog+<LogAsync>d__2.MoveNext 49e5c1ca-cc5f-474b-83fa-95e6e59093cc - 
Url: /Api/InsCar/GetIndexPageData
IP: ::1
Method: GET
ContentType: 
Header.CurrentUserId: 
Header.RequestGuid: edf8bfb9ce484b05aa8f3ef8dc0e90e7

2019-06-24 15:00:22,069 [52] INFO  Lumos.Web.Http.MonitorLog+<LogAsync>d__2.MoveNext 49e5c1ca-cc5f-474b-83fa-95e6e59093cc - 
Url: /Api/InsCar/GetIndexPageData
IP: ::1
Method: GET
ContentType: 
Header.CurrentUserId: 
Header.RequestGuid: edf8bfb9ce484b05aa8f3ef8dc0e90e7

2019-06-24 15:00:22,072 [52] ERROR WebApiInsApp.OwnApiExceptionAttribute 1dcd1ccc-b059-47bb-a4bc-7d31fb12b65b - API调用出现异常
System.InvalidOperationException: The 'Priority' property on 'InsCarCompanyRule' could not be set to a 'System.Int32' value. You must set this property to a non-null value of type 'System.String'. 
   在 System.Web.Http.Filters.ActionFilterAttribute.<CallOnActionExecutedAsync>d__1.MoveNext()
--- 引发异常的上一位置中堆栈跟踪的末尾 ---
   在 System.Runtime.CompilerServices.TaskAwaiter.ThrowForNonSuccess(Task task)
   在 System.Runtime.CompilerServices.TaskAwaiter.HandleNonSuccessAndDebuggerNotification(Task task)
   在 System.Web.Http.Controllers.ActionFilterResult.<ExecuteAsync>d__2.MoveNext()
--- 引发异常的上一位置中堆栈跟踪的末尾 ---
   在 System.Runtime.CompilerServices.TaskAwaiter.ThrowForNonSuccess(Task task)
   在 System.Runtime.CompilerServices.TaskAwaiter.HandleNonSuccessAndDebuggerNotification(Task task)
   在 System.Web.Http.ApiController.<InvokeActionWithExceptionFilters>d__1.MoveNext()
2019-06-24 15:00:37,173 [1] INFO  WebApiInsApp.WebApiApplication.Application_Start (null) - 
应用程序开始
2019-06-24 15:00:41,614 [7] INFO  Lumos.Web.Http.MonitorLog+<LogAsync>d__2.MoveNext f88b7b48-d24a-4fa8-9738-fa895c22b818 - 
Url: /Api/InsCar/GetIndexPageData
IP: ::1
Method: GET
ContentType: 
Header.CurrentUserId: 
Header.RequestGuid: bd28602f43374bc8bb9e8906d62f3e72

2019-06-24 15:01:15,287 [1] INFO  WebApiInsApp.WebApiApplication.Application_Start (null) - 
应用程序开始
2019-06-24 15:01:20,595 [6] INFO  Lumos.Web.Http.MonitorLog+<LogAsync>d__2.MoveNext 6c72d246-8d80-47f5-b855-9b493fc2c4b9 - 
Url: /Api/InsCar/GetIndexPageData
IP: ::1
Method: GET
ContentType: 
Header.CurrentUserId: 
Header.RequestGuid: 1b000fcde8104e1f9a97a62c105e494f

2019-06-24 15:01:21,148 [11] INFO  Lumos.Web.Http.MonitorLog+<LogAsync>d__2.MoveNext 6c72d246-8d80-47f5-b855-9b493fc2c4b9 - 
Url: /Api/InsCar/GetIndexPageData
IP: ::1
Method: GET
ContentType: 
Header.CurrentUserId: 
Header.RequestGuid: 1b000fcde8104e1f9a97a62c105e494f
Response: {"result": 1,"data":{"rules":[{"companyId":"00000000000000000000000000000001","companyName":null,"companyImgUrl":null,"commissionRate":21},{"companyId":"00000000000000000000000000000002","companyName":null,"companyImgUrl":null,"commissionRate":20},{"companyId":"00000000000000000000000000000003","companyName":null,"companyImgUrl":null,"commissionRate":23}],"orders":[],"searchRecords":[{"carPlateNo":"粤AT810P"},{"carPlateNo":"粤A8K96A"},{"carPlateNo":"粤ECK520"}]},"code": "1000","message":""}

2019-06-24 15:01:47,680 [1] INFO  WebApiInsApp.WebApiApplication.Application_Start (null) - 
应用程序开始
2019-06-24 15:01:48,272 [9] INFO  Lumos.Web.Http.MonitorLog+<LogAsync>d__2.MoveNext 6a7fb6e0-e122-4c54-8db9-13d1912c505c - 
Url: /Api/InsCar/GetIndexPageData
IP: ::1
Method: GET
ContentType: 
Header.CurrentUserId: 
Header.RequestGuid: 6c54f50fa1624daa8e1bf59479dd2499

2019-06-24 15:01:50,284 [8] INFO  Lumos.Web.Http.MonitorLog+<LogAsync>d__2.MoveNext 6a7fb6e0-e122-4c54-8db9-13d1912c505c - 
Url: /Api/InsCar/GetIndexPageData
IP: ::1
Method: GET
ContentType: 
Header.CurrentUserId: 
Header.RequestGuid: 6c54f50fa1624daa8e1bf59479dd2499
Response: {"result": 1,"data":{"rules":[{"companyId":"00000000000000000000000000000001","companyName":"平安保险","companyImgUrl":null,"commissionRate":21},{"companyId":"00000000000000000000000000000002","companyName":"人民保险","companyImgUrl":null,"commissionRate":20},{"companyId":"00000000000000000000000000000003","companyName":"太平洋保险","companyImgUrl":null,"commissionRate":23}],"orders":[],"searchRecords":[{"carPlateNo":"粤AT810P"},{"carPlateNo":"粤A8K96A"},{"carPlateNo":"粤ECK520"}]},"code": "1000","message":""}

2019-06-24 15:04:04,303 [13] INFO  Lumos.Web.Http.MonitorLog+<LogAsync>d__2.MoveNext af79d980-d327-46b6-aed5-3a870f690cb0 - 
Url: /Api/InsCar/GetIndexPageData
IP: ::1
Method: GET
ContentType: 
Header.CurrentUserId: 
Header.RequestGuid: 80c95c29fdd140daa2b36af88896370e

2019-06-24 15:04:04,308 [12] INFO  Lumos.Web.Http.MonitorLog+<LogAsync>d__2.MoveNext af79d980-d327-46b6-aed5-3a870f690cb0 - 
Url: /Api/InsCar/GetIndexPageData
IP: ::1
Method: GET
ContentType: 
Header.CurrentUserId: 
Header.RequestGuid: 80c95c29fdd140daa2b36af88896370e
Response: {"result": 1,"data":{"rules":[{"companyId":"00000000000000000000000000000001","companyName":"平安保险","companyImgUrl":"http://demo.ins.17fanju.com/Static/Img/company1.png","commissionRate":21},{"companyId":"00000000000000000000000000000002","companyName":"人民保险","companyImgUrl":"http://demo.ins.17fanju.com/Static/Img/company2.png","commissionRate":20},{"companyId":"00000000000000000000000000000003","companyName":"太平洋保险","companyImgUrl":"http://demo.ins.17fanju.com/Static/Img/company3.png","commissionRate":23}],"orders":[],"searchRecords":[{"carPlateNo":"粤AT810P"},{"carPlateNo":"粤A8K96A"},{"carPlateNo":"粤ECK520"}]},"code": "1000","message":""}

2019-06-24 15:17:29,901 [23] INFO  Lumos.Web.Http.MonitorLog+<LogAsync>d__2.MoveNext 5a346d34-a0f9-4b50-b958-7e19631bd598 - 
Url: /Api/InsCar/GetIndexPageData
IP: ::1
Method: GET
ContentType: 
Header.CurrentUserId: 
Header.RequestGuid: a5afac8aa7ae45dfa4094d3a42cb675a

2019-06-24 15:17:29,927 [11] INFO  Lumos.Web.Http.MonitorLog+<LogAsync>d__2.MoveNext 5a346d34-a0f9-4b50-b958-7e19631bd598 - 
Url: /Api/InsCar/GetIndexPageData
IP: ::1
Method: GET
ContentType: 
Header.CurrentUserId: 
Header.RequestGuid: a5afac8aa7ae45dfa4094d3a42cb675a
Response: {"result": 1,"data":{"rules":[{"companyId":"00000000000000000000000000000001","companyName":"平安保险","companyImgUrl":"http://demo.ins.17fanju.com/Static/Img/company1.png","commissionRate":21},{"companyId":"00000000000000000000000000000002","companyName":"人民保险","companyImgUrl":"http://demo.ins.17fanju.com/Static/Img/company2.png","commissionRate":20},{"companyId":"00000000000000000000000000000003","companyName":"太平洋保险","companyImgUrl":"http://demo.ins.17fanju.com/Static/Img/company3.png","commissionRate":23}],"orders":[],"searchRecords":[{"carPlateNo":"粤AT810P"},{"carPlateNo":"粤A8K96A"},{"carPlateNo":"粤ECK520"}]},"code": "1000","message":""}

2019-06-26 15:50:33,209 [1] INFO  WebApiInsApp.WebApiApplication.Application_Start (null) - 
应用程序开始
2019-06-26 15:51:11,859 [7] INFO  Lumos.Web.Http.MonitorLog+<LogAsync>d__2.MoveNext 5b05b23c-e83a-401b-998c-fa5002318e16 - 
Url: /Api/InsCar/SearchCarInfo?plateNo=%E7%B2%A4A8K96A
IP: ::1
Method: GET
ContentType: 
Header.CurrentUserId: 
Header.RequestGuid: 8797ada168e842a6a1a2e5d62995aa03

2019-06-26 15:51:13,055 [7] INFO  Lumos.Web.Http.MonitorLog+<LogAsync>d__2.MoveNext 5b05b23c-e83a-401b-998c-fa5002318e16 - 
Url: /Api/InsCar/SearchCarInfo?plateNo=%E7%B2%A4A8K96A
IP: ::1
Method: GET
ContentType: 
Header.CurrentUserId: 
Header.RequestGuid: 8797ada168e842a6a1a2e5d62995aa03

2019-06-26 15:51:13,057 [7] ERROR WebApiInsApp.OwnApiExceptionAttribute f52f5325-dec4-4234-ad05-3baff730604f - API调用出现异常
System.Reflection.TargetException: 非静态方法需要一个目标。
   在 System.Web.Http.Filters.ActionFilterAttribute.<CallOnActionExecutedAsync>d__1.MoveNext()
--- 引发异常的上一位置中堆栈跟踪的末尾 ---
   在 System.Runtime.CompilerServices.TaskAwaiter.ThrowForNonSuccess(Task task)
   在 System.Runtime.CompilerServices.TaskAwaiter.HandleNonSuccessAndDebuggerNotification(Task task)
   在 System.Web.Http.Controllers.ActionFilterResult.<ExecuteAsync>d__2.MoveNext()
--- 引发异常的上一位置中堆栈跟踪的末尾 ---
   在 System.Runtime.CompilerServices.TaskAwaiter.ThrowForNonSuccess(Task task)
   在 System.Runtime.CompilerServices.TaskAwaiter.HandleNonSuccessAndDebuggerNotification(Task task)
   在 System.Web.Http.ApiController.<InvokeActionWithExceptionFilters>d__1.MoveNext()
2019-06-26 15:51:33,502 [1] INFO  WebApiInsApp.WebApiApplication.Application_Start (null) - 
应用程序开始
2019-06-26 15:51:35,100 [7] INFO  Lumos.Web.Http.MonitorLog+<LogAsync>d__2.MoveNext 755b59a4-9066-4ce5-9e64-735f2aa44caf - 
Url: /Api/InsCar/SearchCarInfo?plateNo=%E7%B2%A4A8K96A
IP: ::1
Method: GET
ContentType: 
Header.CurrentUserId: 
Header.RequestGuid: c9f7898c620e424c881f94424e866a71

2019-06-26 15:52:30,689 [7] INFO  Lumos.Web.Http.MonitorLog+<LogAsync>d__2.MoveNext 755b59a4-9066-4ce5-9e64-735f2aa44caf - 
Url: /Api/InsCar/SearchCarInfo?plateNo=%E7%B2%A4A8K96A
IP: ::1
Method: GET
ContentType: 
Header.CurrentUserId: 
Header.RequestGuid: c9f7898c620e424c881f94424e866a71

2019-06-26 15:52:30,692 [7] ERROR WebApiInsApp.OwnApiExceptionAttribute 6280e197-1966-4903-9c68-7b258f51351a - API调用出现异常
System.Reflection.TargetException: 非静态方法需要一个目标。
   在 System.Web.Http.Filters.ActionFilterAttribute.<CallOnActionExecutedAsync>d__1.MoveNext()
--- 引发异常的上一位置中堆栈跟踪的末尾 ---
   在 System.Runtime.CompilerServices.TaskAwaiter.ThrowForNonSuccess(Task task)
   在 System.Runtime.CompilerServices.TaskAwaiter.HandleNonSuccessAndDebuggerNotification(Task task)
   在 System.Web.Http.Controllers.ActionFilterResult.<ExecuteAsync>d__2.MoveNext()
--- 引发异常的上一位置中堆栈跟踪的末尾 ---
   在 System.Runtime.CompilerServices.TaskAwaiter.ThrowForNonSuccess(Task task)
   在 System.Runtime.CompilerServices.TaskAwaiter.HandleNonSuccessAndDebuggerNotification(Task task)
   在 System.Web.Http.ApiController.<InvokeActionWithExceptionFilters>d__1.MoveNext()
2019-06-26 15:52:59,095 [1] INFO  WebApiInsApp.WebApiApplication.Application_Start (null) - 
应用程序开始
2019-06-26 15:53:11,317 [6] INFO  Lumos.Web.Http.MonitorLog+<LogAsync>d__2.MoveNext 56bc84a7-3053-4a25-bc24-b53039a11911 - 
Url: /Api/InsCar/SearchCarInfo?plateNo=%E7%B2%A4A8K96A
IP: ::1
Method: GET
ContentType: 
Header.CurrentUserId: 
Header.RequestGuid: dd16f32ed6464e8e94f9f220ebad06fc

2019-06-26 15:53:29,295 [6] INFO  Lumos.Web.Http.MonitorLog+<LogAsync>d__2.MoveNext 56bc84a7-3053-4a25-bc24-b53039a11911 - 
Url: /Api/InsCar/SearchCarInfo?plateNo=%E7%B2%A4A8K96A
IP: ::1
Method: GET
ContentType: 
Header.CurrentUserId: 
Header.RequestGuid: dd16f32ed6464e8e94f9f220ebad06fc

2019-06-26 15:53:29,300 [6] ERROR WebApiInsApp.OwnApiExceptionAttribute e19f72af-f232-44f2-adf8-f1ccda15e477 - API调用出现异常
System.Reflection.TargetException: 非静态方法需要一个目标。
   在 System.Web.Http.Filters.ActionFilterAttribute.<CallOnActionExecutedAsync>d__1.MoveNext()
--- 引发异常的上一位置中堆栈跟踪的末尾 ---
   在 System.Runtime.CompilerServices.TaskAwaiter.ThrowForNonSuccess(Task task)
   在 System.Runtime.CompilerServices.TaskAwaiter.HandleNonSuccessAndDebuggerNotification(Task task)
   在 System.Web.Http.Controllers.ActionFilterResult.<ExecuteAsync>d__2.MoveNext()
--- 引发异常的上一位置中堆栈跟踪的末尾 ---
   在 System.Runtime.CompilerServices.TaskAwaiter.ThrowForNonSuccess(Task task)
   在 System.Runtime.CompilerServices.TaskAwaiter.HandleNonSuccessAndDebuggerNotification(Task task)
   在 System.Web.Http.ApiController.<InvokeActionWithExceptionFilters>d__1.MoveNext()
2019-06-26 15:54:32,578 [6] INFO  Lumos.Web.Http.MonitorLog+<LogAsync>d__2.MoveNext bb84a57b-3640-4b55-a000-57de7bd09d8c - 
Url: /Api/InsCar/SearchCarInfo?plateNo=%E7%B2%A4A8K96A
IP: ::1
Method: GET
ContentType: 
Header.CurrentUserId: 
Header.RequestGuid: cba97497dc5a41208b49ce02b9f1729e

2019-06-26 15:54:38,958 [6] INFO  Lumos.Web.Http.MonitorLog+<LogAsync>d__2.MoveNext bb84a57b-3640-4b55-a000-57de7bd09d8c - 
Url: /Api/InsCar/SearchCarInfo?plateNo=%E7%B2%A4A8K96A
IP: ::1
Method: GET
ContentType: 
Header.CurrentUserId: 
Header.RequestGuid: cba97497dc5a41208b49ce02b9f1729e

2019-06-26 15:54:38,961 [6] ERROR WebApiInsApp.OwnApiExceptionAttribute 33201a8b-2789-41b7-ba7a-127e824ebc51 - API调用出现异常
System.Reflection.TargetException: 非静态方法需要一个目标。
   在 System.Web.Http.Filters.ActionFilterAttribute.<CallOnActionExecutedAsync>d__1.MoveNext()
--- 引发异常的上一位置中堆栈跟踪的末尾 ---
   在 System.Runtime.CompilerServices.TaskAwaiter.ThrowForNonSuccess(Task task)
   在 System.Runtime.CompilerServices.TaskAwaiter.HandleNonSuccessAndDebuggerNotification(Task task)
   在 System.Web.Http.Controllers.ActionFilterResult.<ExecuteAsync>d__2.MoveNext()
--- 引发异常的上一位置中堆栈跟踪的末尾 ---
   在 System.Runtime.CompilerServices.TaskAwaiter.ThrowForNonSuccess(Task task)
   在 System.Runtime.CompilerServices.TaskAwaiter.HandleNonSuccessAndDebuggerNotification(Task task)
   在 System.Web.Http.ApiController.<InvokeActionWithExceptionFilters>d__1.MoveNext()
2019-06-26 15:54:41,758 [6] INFO  Lumos.Web.Http.MonitorLog+<LogAsync>d__2.MoveNext df9adaee-d072-436e-9a42-8d8577b15266 - 
Url: /Api/InsCar/SearchCarInfo?plateNo=%E7%B2%A4A8K96A
IP: ::1
Method: GET
ContentType: 
Header.CurrentUserId: 
Header.RequestGuid: b67647ed5d8e4f11a0749a78199bbe1d

2019-06-26 15:56:05,744 [1] INFO  WebApiInsApp.WebApiApplication.Application_Start (null) - 
应用程序开始
2019-06-26 15:56:07,093 [7] INFO  Lumos.Web.Http.MonitorLog+<LogAsync>d__2.MoveNext e36d7001-204d-403a-8fd4-c9dda68b7cbf - 
Url: /Api/InsCar/SearchCarInfo?plateNo=%E7%B2%A4A8K96A
IP: ::1
Method: GET
ContentType: 
Header.CurrentUserId: 
Header.RequestGuid: ce2f2db1b22d4854a6406dd082543c81

2019-06-26 15:56:55,372 [1] INFO  WebApiInsApp.WebApiApplication.Application_Start (null) - 
应用程序开始
2019-06-26 15:56:58,246 [7] INFO  Lumos.Web.Http.MonitorLog+<LogAsync>d__2.MoveNext dc0bf252-feec-4460-b67f-09f1e817ef90 - 
Url: /Api/InsCar/SearchCarInfo?PlateNo=%E7%B2%A4A8K96A
IP: ::1
Method: GET
ContentType: 
Header.CurrentUserId: 
Header.RequestGuid: 78624bfc37614001a92773eded4248e7

2019-06-26 15:57:17,845 [1] INFO  WebApiInsApp.WebApiApplication.Application_Start (null) - 
应用程序开始
2019-06-26 15:57:21,566 [7] INFO  Lumos.Web.Http.MonitorLog+<LogAsync>d__2.MoveNext aff0d08f-49a4-406b-b397-7f6366478abf - 
Url: /Api/InsCar/SearchCarInfo?PlateNo=%E7%B2%A4A8K96A
IP: ::1
Method: GET
ContentType: 
Header.CurrentUserId: 
Header.RequestGuid: 0de753eb78674a5686f23d06bce7f8a6

2019-06-26 15:57:40,500 [6] INFO  Lumos.Web.Http.MonitorLog+<LogAsync>d__2.MoveNext aff0d08f-49a4-406b-b397-7f6366478abf - 
Url: /Api/InsCar/SearchCarInfo?PlateNo=%E7%B2%A4A8K96A
IP: ::1
Method: GET
ContentType: 
Header.CurrentUserId: 
Header.RequestGuid: 0de753eb78674a5686f23d06bce7f8a6
Response: {"result": 1,"data":{"carInfo":{"plateNo":"粤A8K96A","vin":"LFMB0ABB3J0076940","engineNo":"W77990","registerDate":"2018-07-20","modelCode":null,"modelName":"丰田牌RV7202P","displacement":"1800ML","marketYear":"2018","passengerNumber":5,"purchasePrice":"2300000.00","tonnage":"18","wholeWeight":"1690kg","isTransfer":false,"transferDate":"2019-01-21","isCompanyCar":false},"carOwner":{"name":"邱庆文","certNo":"440182198804141553","mobile":"15989287032","address":"广州市花都区狮岭镇"}},"code": "1000","message":""}

2019-06-26 15:57:45,692 [12] INFO  Lumos.Web.Http.MonitorLog+<LogAsync>d__2.MoveNext 87807ca4-57a5-4485-bf92-d15b4b51a26f - 
Url: /Api/InsCar/SearchCarInfo?PlateNo=%E7%B2%A4A8K96A4
IP: ::1
Method: GET
ContentType: 
Header.CurrentUserId: 
Header.RequestGuid: b3545b24e2e64e31a0fed3cd56660021

2019-06-26 15:57:47,452 [12] INFO  Lumos.Web.Http.MonitorLog+<LogAsync>d__2.MoveNext 87807ca4-57a5-4485-bf92-d15b4b51a26f - 
Url: /Api/InsCar/SearchCarInfo?PlateNo=%E7%B2%A4A8K96A4
IP: ::1
Method: GET
ContentType: 
Header.CurrentUserId: 
Header.RequestGuid: b3545b24e2e64e31a0fed3cd56660021
Response: {"result": 2,"code": "2000","message":"找不到车牌号信息"}

2019-06-26 16:11:43,667 [1] INFO  WebApiInsApp.WebApiApplication.Application_Start (null) - 
应用程序开始
2019-06-26 16:11:54,210 [7] INFO  Lumos.Web.Http.MonitorLog+<LogAsync>d__2.MoveNext 884c0551-0ecd-4628-8fe4-c95bc5975535 - 
Url: /Api/InsCar/SearchCarInfo?PlateNo=%E7%B2%A4A8K96A
IP: ::1
Method: GET
ContentType: 
Header.CurrentUserId: 
Header.RequestGuid: bcb1c1121ecf4b7abd95f131a3972367

2019-06-26 16:11:54,967 [8] INFO  Lumos.Web.Http.MonitorLog+<LogAsync>d__2.MoveNext 884c0551-0ecd-4628-8fe4-c95bc5975535 - 
Url: /Api/InsCar/SearchCarInfo?PlateNo=%E7%B2%A4A8K96A
IP: ::1
Method: GET
ContentType: 
Header.CurrentUserId: 
Header.RequestGuid: bcb1c1121ecf4b7abd95f131a3972367
Response: {"result": 1,"data":{"carInfo":{"plateNo":"粤A8K96A","vin":"LFMB0ABB3J0076940","engineNo":"W77990","registerDate":"2018-07-20","modelCode":null,"modelName":"丰田牌RV7202P","displacement":"1800ML","marketYear":"2018","passengerNumber":5,"purchasePrice":"2300000.00","tonnage":"18","wholeWeight":"1690kg","isTransfer":false,"transferDate":"2019-01-21","isCompanyCar":false},"carOwner":{"name":"邱庆文","certNo":"440182198804141553","mobile":"15989287032","address":"广州市花都区狮岭镇"}},"code": "1000","message":""}

2019-06-26 16:11:58,190 [6] INFO  Lumos.Web.Http.MonitorLog+<LogAsync>d__2.MoveNext 3f1d39bb-427a-428d-b7d4-db6b86168bb7 - 
Url: /Api/InsCar/SearchCarInfo?PlateNo=%E7%B2%A4A8K96A
IP: ::1
Method: GET
ContentType: 
Header.CurrentUserId: 
Header.RequestGuid: dc41dd47263f48d799d0d5930c91bfc2

2019-06-26 16:11:58,194 [7] INFO  Lumos.Web.Http.MonitorLog+<LogAsync>d__2.MoveNext 3f1d39bb-427a-428d-b7d4-db6b86168bb7 - 
Url: /Api/InsCar/SearchCarInfo?PlateNo=%E7%B2%A4A8K96A
IP: ::1
Method: GET
ContentType: 
Header.CurrentUserId: 
Header.RequestGuid: dc41dd47263f48d799d0d5930c91bfc2
Response: {"result": 1,"data":{"carInfo":{"plateNo":"粤A8K96A","vin":"LFMB0ABB3J0076940","engineNo":"W77990","registerDate":"2018-07-20","modelCode":null,"modelName":"丰田牌RV7202P","displacement":"1800ML","marketYear":"2018","passengerNumber":5,"purchasePrice":"2300000.00","tonnage":"18","wholeWeight":"1690kg","isTransfer":false,"transferDate":"2019-01-21","isCompanyCar":false},"carOwner":{"name":"邱庆文","certNo":"440182198804141553","mobile":"15989287032","address":"广州市花都区狮岭镇"}},"code": "1000","message":""}

2019-07-01 10:56:25,821 [1] INFO  WebApiInsApp.WebApiApplication.Application_Start (null) - 
应用程序开始
2019-07-01 10:58:21,607 [10] INFO  Lumos.Web.Http.MonitorLog+<LogAsync>d__2.MoveNext 3a2fdcee-4fe5-4549-a57a-a798be5b47eb - 
Url: /Api/InsCar/SearchPlateNoInfo?PlateNo=%E7%B2%A4A8K96A4
IP: ::1
Method: GET
ContentType: 
Header.CurrentUserId: 
Header.RequestGuid: 9abc5df8758a4bd2a665a7ab66b3f0fc

2019-07-01 10:58:22,268 [10] INFO  Lumos.Web.Http.MonitorLog+<LogAsync>d__2.MoveNext 3a2fdcee-4fe5-4549-a57a-a798be5b47eb - 
Url: /Api/InsCar/SearchPlateNoInfo?PlateNo=%E7%B2%A4A8K96A4
IP: ::1
Method: GET
ContentType: 
Header.CurrentUserId: 
Header.RequestGuid: 9abc5df8758a4bd2a665a7ab66b3f0fc

2019-07-01 10:58:22,270 [10] ERROR WebApiInsApp.OwnApiExceptionAttribute c8d58076-bee1-4dd8-9c8f-bc43f8e3220e - API调用出现异常
System.InvalidOperationException: The entity types 'InsCarCompanyRule' and 'InsCarModelInfo' cannot share table 'InsCarCompanyRules' because they are not in the same type hierarchy or do not have a valid one to one foreign key relationship with matching primary keys between them.
   在 System.Web.Http.Filters.ActionFilterAttribute.<CallOnActionExecutedAsync>d__1.MoveNext()
--- 引发异常的上一位置中堆栈跟踪的末尾 ---
   在 System.Runtime.CompilerServices.TaskAwaiter.ThrowForNonSuccess(Task task)
   在 System.Runtime.CompilerServices.TaskAwaiter.HandleNonSuccessAndDebuggerNotification(Task task)
   在 System.Web.Http.Controllers.ActionFilterResult.<ExecuteAsync>d__2.MoveNext()
--- 引发异常的上一位置中堆栈跟踪的末尾 ---
   在 System.Runtime.CompilerServices.TaskAwaiter.ThrowForNonSuccess(Task task)
   在 System.Runtime.CompilerServices.TaskAwaiter.HandleNonSuccessAndDebuggerNotification(Task task)
   在 System.Web.Http.ApiController.<InvokeActionWithExceptionFilters>d__1.MoveNext()
2019-07-01 10:58:36,664 [1] INFO  WebApiInsApp.WebApiApplication.Application_Start (null) - 
应用程序开始
2019-07-01 10:58:52,916 [6] INFO  Lumos.Web.Http.MonitorLog+<LogAsync>d__2.MoveNext c3936c9a-5436-4b9d-8d18-77f42f31adf7 - 
Url: /Api/InsCar/SearchPlateNoInfo?PlateNo=%E7%B2%A4A8K96A4
IP: ::1
Method: GET
ContentType: 
Header.CurrentUserId: 
Header.RequestGuid: 94bb9cc2e5944e6ab9ae447bf5b60f69

2019-07-01 11:00:31,292 [1] INFO  WebApiInsApp.WebApiApplication.Application_Start (null) - 
应用程序开始
2019-07-01 11:00:57,800 [6] INFO  Lumos.Web.Http.MonitorLog+<LogAsync>d__2.MoveNext bbbb43c7-4e1a-42be-a9e6-03d5cfae707d - 
Url: /Api/InsCar/SearchPlateNoInfo?PlateNo=%E7%B2%A4A8K96A4
IP: ::1
Method: GET
ContentType: 
Header.CurrentUserId: 
Header.RequestGuid: 73d69f95f2a048c68e32ff86fafae5c3

2019-07-01 11:01:01,362 [7] INFO  Lumos.Web.Http.MonitorLog+<LogAsync>d__2.MoveNext 18290925-b319-4886-a642-1793809ed733 - 
Url: /Api/InsCar/SearchPlateNoInfo?PlateNo=%E7%B2%A4A8K96A4
IP: ::1
Method: GET
ContentType: 
Header.CurrentUserId: 
Header.RequestGuid: 519bf687b14c4f9dbf7d0732266127b3

2019-07-01 11:06:50,573 [1] INFO  WebApiInsApp.WebApiApplication.Application_Start (null) - 
应用程序开始
2019-07-01 11:06:56,745 [6] INFO  Lumos.Web.Http.MonitorLog+<LogAsync>d__2.MoveNext d54a5829-edf9-4a78-be17-ac1709945da0 - 
Url: /Api/InsCar/SearchModelInfo?key=TV
IP: ::1
Method: GET
ContentType: 
Header.CurrentUserId: 
Header.RequestGuid: c58f8bd663834d8e81a1cfa0d037ecd5

2019-07-01 11:08:56,682 [1] INFO  WebApiInsApp.WebApiApplication.Application_Start (null) - 
应用程序开始
2019-07-01 11:10:54,474 [6] INFO  Lumos.Web.Http.MonitorLog+<LogAsync>d__2.MoveNext e64a4459-c0c9-452c-b8b5-7ce9ed196e3a - 
Url: /Api/InsCar/SearchModelInfo?key=TV
IP: ::1
Method: GET
ContentType: 
Header.CurrentUserId: 
Header.RequestGuid: a29448e2d1dc410ba85af75cb611b10a

2019-07-01 11:14:33,129 [1] INFO  WebApiInsApp.WebApiApplication.Application_Start (null) - 
应用程序开始
2019-07-01 11:14:41,713 [6] INFO  Lumos.Web.Http.MonitorLog+<LogAsync>d__2.MoveNext f7e0ed03-370c-4460-86ca-1d33fa9b449d - 
Url: /Api/InsCar/SearchModelInfo?key=TV
IP: ::1
Method: GET
ContentType: 
Header.CurrentUserId: 
Header.RequestGuid: cf97f70b8490444bb0d77f8561aae351

2019-07-01 11:15:31,918 [1] INFO  WebApiInsApp.WebApiApplication.Application_Start (null) - 
应用程序开始
2019-07-01 11:15:47,468 [6] INFO  Lumos.Web.Http.MonitorLog+<LogAsync>d__2.MoveNext e6a77e5f-f21c-4167-b65e-c72a52da3b77 - 
Url: /Api/InsCar/SearchModelInfo?key=TV
IP: ::1
Method: GET
ContentType: 
Header.CurrentUserId: 
Header.RequestGuid: b7524b75422c446d892a72cffbbed08e

2019-07-01 11:15:59,731 [8] INFO  Lumos.Web.Http.MonitorLog+<LogAsync>d__2.MoveNext e6a77e5f-f21c-4167-b65e-c72a52da3b77 - 
Url: /Api/InsCar/SearchModelInfo?key=TV
IP: ::1
Method: GET
ContentType: 
Header.CurrentUserId: 
Header.RequestGuid: b7524b75422c446d892a72cffbbed08e
Response: {"result": 1,"code": "1000","message":""}

2019-07-01 11:16:03,982 [7] INFO  Lumos.Web.Http.MonitorLog+<LogAsync>d__2.MoveNext 1eaf0382-a082-43e2-a932-4e1af2e370e5 - 
Url: /Api/InsCar/SearchModelInfo?key=TV
IP: ::1
Method: GET
ContentType: 
Header.CurrentUserId: 
Header.RequestGuid: b1ac4c4af5fc4d7a84dcb535dea7ff3a

2019-07-01 11:16:26,905 [1] INFO  WebApiInsApp.WebApiApplication.Application_Start (null) - 
应用程序开始
2019-07-01 11:16:36,444 [6] INFO  Lumos.Web.Http.MonitorLog+<LogAsync>d__2.MoveNext 7470ddc5-c6dd-4af0-9856-91155de607da - 
Url: /Api/InsCar/SearchModelInfo?key=TV
IP: ::1
Method: GET
ContentType: 
Header.CurrentUserId: 
Header.RequestGuid: 73f65620880b44bcb324144f079479a8

2019-07-01 11:16:39,065 [7] INFO  Lumos.Web.Http.MonitorLog+<LogAsync>d__2.MoveNext 7470ddc5-c6dd-4af0-9856-91155de607da - 
Url: /Api/InsCar/SearchModelInfo?key=TV
IP: ::1
Method: GET
ContentType: 
Header.CurrentUserId: 
Header.RequestGuid: 73f65620880b44bcb324144f079479a8
Response: {"result": 1,"data":{"models":[{"modelName":"丰田TV7202B桥车：手自一体 先锋版 国V","modelCode":null,"marketYear":"2017","seat":5,"exhaust":"1998","purchasePrice":"F:2"},{"modelName":"丰田TV7202S桥车：手自一体 时尚版 国V","modelCode":null,"marketYear":"2017","seat":5,"exhaust":"1998","purchasePrice":"F:2"},{"modelName":"丰田TV7202P桥车：手自一体 运动版 国V","modelCode":null,"marketYear":"2017","seat":5,"exhaust":"1998","purchasePrice":"F:2"},{"modelName":"丰田TV7202S桥车：手自一体 精英版 国V","modelCode":null,"marketYear":"2017","seat":5,"exhaust":"1998","purchasePrice":"F:2"},{"modelName":"丰田TV7202Q桥车：手自一体 尊享版 国V","modelCode":null,"marketYear":"2017","seat":5,"exhaust":"1998","purchasePrice":"F:2"}]},"code": "1000","message":""}

2019-07-01 11:17:09,378 [1] INFO  WebApiInsApp.WebApiApplication.Application_Start (null) - 
应用程序开始
2019-07-01 11:17:18,664 [7] INFO  Lumos.Web.Http.MonitorLog+<LogAsync>d__2.MoveNext dd469539-a1d0-42cc-9dac-654c60169678 - 
Url: /Api/InsCar/SearchModelInfo?key=TV
IP: ::1
Method: GET
ContentType: 
Header.CurrentUserId: 
Header.RequestGuid: 6f5d8c45fd27493685f7be39d7af7587

2019-07-01 11:17:19,513 [7] INFO  Lumos.Web.Http.MonitorLog+<LogAsync>d__2.MoveNext dd469539-a1d0-42cc-9dac-654c60169678 - 
Url: /Api/InsCar/SearchModelInfo?key=TV
IP: ::1
Method: GET
ContentType: 
Header.CurrentUserId: 
Header.RequestGuid: 6f5d8c45fd27493685f7be39d7af7587
Response: {"result": 1,"data":{"models":[{"modelName":"丰田TV7202B桥车：手自一体 先锋版 国V","modelCode":null,"marketYear":"2017","seat":5,"exhaust":"1998","purchasePrice":"212800.00"},{"modelName":"丰田TV7202S桥车：手自一体 时尚版 国V","modelCode":null,"marketYear":"2017","seat":5,"exhaust":"1998","purchasePrice":"242800.00"},{"modelName":"丰田TV7202P桥车：手自一体 运动版 国V","modelCode":null,"marketYear":"2017","seat":5,"exhaust":"1998","purchasePrice":"252800.00"},{"modelName":"丰田TV7202S桥车：手自一体 精英版 国V","modelCode":null,"marketYear":"2017","seat":5,"exhaust":"1998","purchasePrice":"272800.00"},{"modelName":"丰田TV7202Q桥车：手自一体 尊享版 国V","modelCode":null,"marketYear":"2017","seat":5,"exhaust":"1998","purchasePrice":"292800.00"}]},"code": "1000","message":""}

2019-07-10 11:25:03,393 [1] INFO  WebApiInsApp.WebApiApplication.Application_Start (null) - 
应用程序开始
2019-07-10 11:25:53,068 [5] INFO  Lumos.Web.Http.MonitorLog+<LogAsync>d__2.MoveNext (null) - 
Url: /Api/User/LoginByUrlParams?mId=asas&uid=12122223232
IP: ::1
Method: GET
ContentType: 
Header.CurrentUserId: 
Header.RequestGuid: ab05171037cd4a12a35394b683017b18

2019-07-10 11:26:06,075 [5] INFO  Lumos.Web.Http.MonitorLog+<LogAsync>d__2.MoveNext (null) - 
Url: /Api/User/LoginByUrlParams?mId=asas&uid=12122223232
IP: ::1
Method: GET
ContentType: 
Header.CurrentUserId: 
Header.RequestGuid: ab05171037cd4a12a35394b683017b18

2019-07-10 11:26:06,078 [5] ERROR WebApiInsApp.OwnApiExceptionAttribute f1c030f3-3c94-496c-935f-ddebab033b18 - API调用出现异常
System.Data.Entity.Core.EntityCommandExecutionException: An error occurred while executing the command definition. See the inner exception for details. ---> System.Data.SqlClient.SqlException: 对象名 'dbo.Merchant' 无效。
   在 System.Data.SqlClient.SqlConnection.OnError(SqlException exception, Boolean breakConnection, Action`1 wrapCloseInAction)
   在 System.Data.SqlClient.SqlInternalConnection.OnError(SqlException exception, Boolean breakConnection, Action`1 wrapCloseInAction)
   在 System.Data.SqlClient.TdsParser.ThrowExceptionAndWarning(TdsParserStateObject stateObj, Boolean callerHasConnectionLock, Boolean asyncClose)
   在 System.Data.SqlClient.TdsParser.TryRun(RunBehavior runBehavior, SqlCommand cmdHandler, SqlDataReader dataStream, BulkCopySimpleResultSet bulkCopyHandler, TdsParserStateObject stateObj, Boolean& dataReady)
   在 System.Data.SqlClient.SqlDataReader.TryConsumeMetaData()
   在 System.Data.SqlClient.SqlDataReader.get_MetaData()
   在 System.Data.SqlClient.SqlCommand.FinishExecuteReader(SqlDataReader ds, RunBehavior runBehavior, String resetOptionsString, Boolean isInternal, Boolean forDescribeParameterEncryption, Boolean shouldCacheForAlwaysEncrypted)
   在 System.Data.SqlClient.SqlCommand.RunExecuteReaderTds(CommandBehavior cmdBehavior, RunBehavior runBehavior, Boolean returnStream, Boolean async, Int32 timeout, Task& task, Boolean asyncWrite, Boolean inRetry, SqlDataReader ds, Boolean describeParameterEncryptionRequest)
   在 System.Data.SqlClient.SqlCommand.RunExecuteReader(CommandBehavior cmdBehavior, RunBehavior runBehavior, Boolean returnStream, String method, TaskCompletionSource`1 completion, Int32 timeout, Task& task, Boolean& usedCache, Boolean asyncWrite, Boolean inRetry)
   在 System.Data.SqlClient.SqlCommand.RunExecuteReader(CommandBehavior cmdBehavior, RunBehavior runBehavior, Boolean returnStream, String method)
   在 System.Data.SqlClient.SqlCommand.ExecuteReader(CommandBehavior behavior, String method)
   在 System.Data.SqlClient.SqlCommand.ExecuteDbDataReader(CommandBehavior behavior)
   在 System.Data.Common.DbCommand.ExecuteReader(CommandBehavior behavior)
   在 System.Data.Entity.Infrastructure.Interception.DbCommandDispatcher.<Reader>b__c(DbCommand t, DbCommandInterceptionContext`1 c)
   在 System.Data.Entity.Infrastructure.Interception.InternalDispatcher`1.Dispatch[TTarget,TInterceptionContext,TResult](TTarget target, Func`3 operation, TInterceptionContext interceptionContext, Action`3 executing, Action`3 executed)
   在 System.Data.Entity.Infrastructure.Interception.DbCommandDispatcher.Reader(DbCommand command, DbCommandInterceptionContext interceptionContext)
   在 System.Data.Entity.Internal.InterceptableDbCommand.ExecuteDbDataReader(CommandBehavior behavior)
   在 System.Data.Common.DbCommand.ExecuteReader(CommandBehavior behavior)
   在 System.Data.Entity.Core.EntityClient.Internal.EntityCommandDefinition.ExecuteStoreCommands(EntityCommand entityCommand, CommandBehavior behavior)
   --- 内部异常堆栈跟踪的结尾 ---
   在 System.Web.Http.Filters.ActionFilterAttribute.<CallOnActionExecutedAsync>d__1.MoveNext()
--- 引发异常的上一位置中堆栈跟踪的末尾 ---
   在 System.Runtime.CompilerServices.TaskAwaiter.ThrowForNonSuccess(Task task)
   在 System.Runtime.CompilerServices.TaskAwaiter.HandleNonSuccessAndDebuggerNotification(Task task)
   在 System.Web.Http.Controllers.ActionFilterResult.<ExecuteAsync>d__2.MoveNext()
--- 引发异常的上一位置中堆栈跟踪的末尾 ---
   在 System.Runtime.CompilerServices.TaskAwaiter.ThrowForNonSuccess(Task task)
   在 System.Runtime.CompilerServices.TaskAwaiter.HandleNonSuccessAndDebuggerNotification(Task task)
   在 System.Web.Http.ApiController.<InvokeActionWithExceptionFilters>d__1.MoveNext()
2019-07-10 11:29:28,230 [6] INFO  Lumos.Web.Http.MonitorLog+<LogAsync>d__2.MoveNext (null) - 
Url: /Api/User/LoginByUrlParams?mId=00000000000000000000000000000001&uid=12122223232
IP: ::1
Method: GET
ContentType: 
Header.CurrentUserId: 
Header.RequestGuid: 89bedb50f59b44e28fa38d6e4ae32ba9

2019-07-10 11:30:34,552 [1] INFO  WebApiInsApp.WebApiApplication.Application_Start (null) - 
应用程序开始
2019-07-10 11:30:41,071 [6] INFO  Lumos.Web.Http.MonitorLog+<LogAsync>d__2.MoveNext (null) - 
Url: /Api/User/LoginByUrlParams?mId=00000000000000000000000000000001&uid=12122223232
IP: ::1
Method: GET
ContentType: 
Header.CurrentUserId: 
Header.RequestGuid: acd77a757b3e4f8bb00435471c6fe5a9

2019-07-10 11:31:54,612 [1] INFO  WebApiInsApp.WebApiApplication.Application_Start (null) - 
应用程序开始
2019-07-10 11:31:59,284 [6] INFO  Lumos.Web.Http.MonitorLog+<LogAsync>d__2.MoveNext (null) - 
Url: /Api/User/LoginByUrlParams?mId=00000000000000000000000000000001&uid=12122223232
IP: ::1
Method: GET
ContentType: 
Header.CurrentUserId: 
Header.RequestGuid: fc9661ff1fa34970a8781c67c503a315

2019-07-10 11:32:37,049 [6] INFO  Lumos.Web.Http.MonitorLog+<LogAsync>d__2.MoveNext (null) - 
Url: /Api/User/LoginByUrlParams?mId=00000000000000000000000000000001&uid=12122223232
IP: ::1
Method: GET
ContentType: 
Header.CurrentUserId: 
Header.RequestGuid: fc9661ff1fa34970a8781c67c503a315
Response: {"result": 1,"data":{"userId":"9107a1b0ed48447aabcc3a75b73f761a"},"code": "1000","message":"获取成功"}

2019-07-10 11:34:30,607 [1] INFO  WebApiInsApp.WebApiApplication.Application_Start (null) - 
应用程序开始
2019-07-10 11:34:37,419 [6] INFO  Lumos.Web.Http.MonitorLog+<LogAsync>d__2.MoveNext (null) - 
Url: /Api/User/LoginByUrlParams?mId=00000000000000000000000000000001&uid=12122223232
IP: ::1
Method: GET
ContentType: 
Header.CurrentUserId: 
Header.RequestGuid: d2266d6f66424c2fa55148763a71eaf3

2019-07-10 11:34:50,361 [7] INFO  Lumos.Web.Http.MonitorLog+<LogAsync>d__2.MoveNext (null) - 
Url: /Api/User/LoginByUrlParams?mId=00000000000000000000000000000001&uid=12122223232
IP: ::1
Method: GET
ContentType: 
Header.CurrentUserId: 
Header.RequestGuid: d2266d6f66424c2fa55148763a71eaf3
Response: {"result": 1,"data":{"userId":"2ea31180638a4371834ea183cc7bd6cb"},"code": "1000","message":"获取成功"}

2019-07-10 11:34:52,378 [8] INFO  Lumos.Web.Http.MonitorLog+<LogAsync>d__2.MoveNext (null) - 
Url: /Api/User/LoginByUrlParams?mId=00000000000000000000000000000001&uid=12122223232
IP: ::1
Method: GET
ContentType: 
Header.CurrentUserId: 
Header.RequestGuid: 93c67a1728b849ca835875f6a6660690

2019-07-10 11:35:15,317 [7] INFO  Lumos.Web.Http.MonitorLog+<LogAsync>d__2.MoveNext (null) - 
Url: /Api/User/LoginByUrlParams?mId=00000000000000000000000000000001&uid=12122223232
IP: ::1
Method: GET
ContentType: 
Header.CurrentUserId: 
Header.RequestGuid: 93c67a1728b849ca835875f6a6660690
Response: {"result": 1,"data":{"userId":"05c1d6c0b5574df1885f2cb63d2b29f7"},"code": "1000","message":"获取成功"}

2019-07-10 11:35:33,732 [6] INFO  Lumos.Web.Http.MonitorLog+<LogAsync>d__2.MoveNext (null) - 
Url: /Api/User/LoginByUrlParams?mId=00000000000000000000000000000001&uid=12122223232
IP: ::1
Method: GET
ContentType: 
Header.CurrentUserId: 
Header.RequestGuid: 17dbbd860fc2426488a214adb0f29cd4

2019-07-10 11:36:06,434 [1] INFO  WebApiInsApp.WebApiApplication.Application_Start (null) - 
应用程序开始
2019-07-10 11:36:11,061 [7] INFO  Lumos.Web.Http.MonitorLog+<LogAsync>d__2.MoveNext (null) - 
Url: /Api/User/LoginByUrlParams?mId=00000000000000000000000000000001&uid=12122223232
IP: ::1
Method: GET
ContentType: 
Header.CurrentUserId: 
Header.RequestGuid: 0dd1465891cf44cba3d07c8c7081ebbe

2019-07-10 11:36:19,048 [6] INFO  Lumos.Web.Http.MonitorLog+<LogAsync>d__2.MoveNext (null) - 
Url: /Api/User/LoginByUrlParams?mId=00000000000000000000000000000001&uid=12122223232
IP: ::1
Method: GET
ContentType: 
Header.CurrentUserId: 
Header.RequestGuid: 0dd1465891cf44cba3d07c8c7081ebbe
Response: {"result": 1,"data":{"userId":"05c1d6c0b5574df1885f2cb63d2b29f7"},"code": "1000","message":"获取成功"}

2019-07-10 11:36:21,563 [6] INFO  Lumos.Web.Http.MonitorLog+<LogAsync>d__2.MoveNext (null) - 
Url: /Api/User/LoginByUrlParams?mId=00000000000000000000000000000001&uid=12122223232
IP: ::1
Method: GET
ContentType: 
Header.CurrentUserId: 
Header.RequestGuid: 8ccd7095650e446da518d70a16eadaa2

2019-07-10 11:36:22,980 [9] INFO  Lumos.Web.Http.MonitorLog+<LogAsync>d__2.MoveNext (null) - 
Url: /Api/User/LoginByUrlParams?mId=00000000000000000000000000000001&uid=12122223232
IP: ::1
Method: GET
ContentType: 
Header.CurrentUserId: 
Header.RequestGuid: 8ccd7095650e446da518d70a16eadaa2
Response: {"result": 1,"data":{"userId":"05c1d6c0b5574df1885f2cb63d2b29f7"},"code": "1000","message":"获取成功"}

2019-07-10 11:36:25,075 [7] INFO  Lumos.Web.Http.MonitorLog+<LogAsync>d__2.MoveNext (null) - 
Url: /Api/User/LoginByUrlParams?mId=00000000000000000000000000000001&uid=12122223232
IP: ::1
Method: GET
ContentType: 
Header.CurrentUserId: 
Header.RequestGuid: 7dca0c8ba4414c0694061d111d8ce97e

2019-07-10 11:36:26,103 [7] INFO  Lumos.Web.Http.MonitorLog+<LogAsync>d__2.MoveNext (null) - 
Url: /Api/User/LoginByUrlParams?mId=00000000000000000000000000000001&uid=12122223232
IP: ::1
Method: GET
ContentType: 
Header.CurrentUserId: 
Header.RequestGuid: 7dca0c8ba4414c0694061d111d8ce97e
Response: {"result": 1,"data":{"userId":"05c1d6c0b5574df1885f2cb63d2b29f7"},"code": "1000","message":"获取成功"}

